[stance1:inference] Activating env....
Activating env [py38ptpl]
guild_version:             0.8.0
guild_install_location:    /home/serrano/miniconda3/envs/py38ptpl/lib/python3.8/site-packages/guild
guild_home:                /home/serrano/projects/SMM4H22/tracking/.guild
guild_resource_cache:      /home/serrano/projects/SMM4H22/tracking/.guild/cache/resources
installed_plugins:         config_flags, cpu, dask, disk, dvc, exec_script, gpu, ipynb, keras, memory, perf, python_script, queue, skopt
python_version:            3.8.13 (default, Mar 28 2022, 11:38:47) [GCC 7.5.0]
python_exe:                /home/serrano/miniconda3/envs/py38ptpl/bin/python
platform:                  Linux 4.18.0-193.el8.x86_64 x86_64
psutil_version:            5.8.0
tensorboard_version:       2.6.0
cuda_version:              11.4
nvidia_smi_version:        470.82.01
latest_guild_version:      0.8.1
A newer version of Guild AI is available. Run 'pip install guildai --upgrade' to install it.
*** Check tha [guild_home] is correctly set ***
===============================================
*** Available operations (execute _guild help_ for more info) ***
Refreshing flags...
WARNING: cannot import flags from src/stance_preprocess.py: ModuleNotFoundError: No module named 'fasttext' (run with guild --debug for details)
WARNING: cannot import flags from src/prepare_txts.py: ModuleNotFoundError: No module named 'negspacy' (run with guild --debug for details)
prepare_data                      Generate Dataframes with hydrated examples from previously processed splits, texts, annotations
prepare_splits                    Create a summary table with reference to all files and assign a split to each entry
prepare_submission                from predictions in DF (subtask 2 & 3 ) generate ann files for submission
prepare_task2_stance              Prepare official training data for stance Task2
prepare_texts                     Preprocess txt files (clean, segment, etc.)
base-model:evaluate               Run official evalation script
stance1:inference                 apply transforemr
stance1:pipeline_inference_event  
stance1:train                     Train model Transformer based classifier
Running script ....
New Run
Refreshing flags...
WARNING: cannot import flags from src/stance_preprocess.py: ModuleNotFoundError: No module named 'fasttext' (run with guild --debug for details)
WARNING: cannot import flags from src/prepare_txts.py: ModuleNotFoundError: No module named 'negspacy' (run with guild --debug for details)
